2026-04-03 16:03:23.787 | INFO     | main:startup:55 - Admin service starting...
2026-04-03 16:03:23.810 | INFO     | main:startup:66 - Admin service started on port 8010
2026-04-04 17:16:57.895 | INFO     | main:startup:61 - Admin service starting...
2026-04-04 17:16:57.930 | INFO     | main:startup:72 - Admin service started on port 8010
2026-04-04 17:17:57.559 | INFO     | main:startup:61 - Admin service starting...
2026-04-04 17:17:57.573 | INFO     | main:startup:72 - Admin service started on port 8010
2026-04-04 17:32:41.323 | INFO     | main:startup:61 - Admin service starting...
2026-04-04 17:32:41.357 | INFO     | main:startup:72 - Admin service started on port 8010
2026-04-04 17:41:47.328 | INFO     | main:startup:61 - Admin service starting...
2026-04-04 17:41:47.343 | INFO     | main:startup:72 - Admin service started on port 8010
2026-04-04 18:07:28.367 | INFO     | main:startup:61 - Admin service starting...
2026-04-04 18:07:28.385 | INFO     | main:startup:72 - Admin service started on port 8010
2026-04-04 19:34:23.991 | INFO     | main:startup:61 - Admin service starting...
2026-04-04 19:34:24.003 | WARNING  | main:startup:71 - Column may already exist: (psycopg2.errors.UndefinedTable) relation "accounts" does not exist

[SQL: 
                ALTER TABLE accounts
                ADD COLUMN IF NOT EXISTS is_blocked
                BOOLEAN DEFAULT FALSE
            ]
(Background on this error at: https://sqlalche.me/e/20/f405)
2026-04-04 19:34:24.003 | INFO     | main:startup:72 - Admin service started on port 8010
2026-04-04 20:12:40.232 | INFO     | main:startup:61 - Admin service starting...
2026-04-04 20:12:40.241 | INFO     | main:startup:72 - Admin service started on port 8010
2026-04-04 21:33:39.364 | INFO     | main:startup:61 - Admin service starting...
2026-04-04 21:33:39.376 | WARNING  | main:startup:71 - Column may already exist: (psycopg2.errors.UndefinedTable) relation "accounts" does not exist

[SQL: 
                ALTER TABLE accounts
                ADD COLUMN IF NOT EXISTS is_blocked
                BOOLEAN DEFAULT FALSE
            ]
(Background on this error at: https://sqlalche.me/e/20/f405)
2026-04-04 21:33:39.376 | INFO     | main:startup:72 - Admin service started on port 8010
2026-04-04 21:42:49.489 | INFO     | main:startup:61 - Admin service starting...
2026-04-04 21:42:49.499 | INFO     | main:startup:72 - Admin service started on port 8010
2026-04-04 21:47:04.412 | INFO     | main:startup:61 - Admin service starting...
2026-04-04 21:47:04.421 | INFO     | main:startup:72 - Admin service started on port 8010
2026-04-04 21:49:24.060 | INFO     | main:startup:61 - Admin service starting...
2026-04-04 21:49:24.069 | INFO     | main:startup:72 - Admin service started on port 8010
2026-04-04 23:13:37.998 | INFO     | main:startup:61 - Admin service starting...
2026-04-04 23:13:38.015 | WARNING  | main:startup:71 - Column may already exist: (psycopg2.errors.UndefinedTable) relation "accounts" does not exist

[SQL: 
                ALTER TABLE accounts
                ADD COLUMN IF NOT EXISTS is_blocked
                BOOLEAN DEFAULT FALSE
            ]
(Background on this error at: https://sqlalche.me/e/20/f405)
2026-04-04 23:13:38.015 | INFO     | main:startup:72 - Admin service started on port 8010
